number,value,datetime_start,datetime_complete,duration,params_alpha,params_base,params_batch_size,params_dropout,params_latent_ch,params_lr,params_skip_ch,system_attrs_tpe:relative_params:0,state
0,0.5851048290729522,2026-10-03 12:09:41.317155,2026-10-03 12:13:01.728063,0 days 00:03:20.410908,0.9,48,16,0.3,64,0.0002317175804240088,8,,COMPLETE
1,0.590460866689682,2026-10-03 12:13:01.765117,2026-10-03 12:15:11.983745,0 days 00:02:10.218628,0.5,32,64,0.2,64,0.00042861395747190753,8,,COMPLETE
2,0.5753501236438752,2026-10-03 12:15:12.016368,2026-10-03 12:18:28.390216,0 days 00:03:16.373848,0.65,48,16,0.2,16,0.002606212427547429,8,,COMPLETE
3,0.5785194456577301,2026-10-03 12:18:28.427172,2026-10-03 12:21:43.617483,0 days 00:03:15.190311,0.65,48,16,0.3,16,0.0011947399979512878,8,,COMPLETE
4,0.5337130844593048,2026-10-03 12:21:43.644898,2026-10-03 12:24:05.540545,0 days 00:02:21.895647,0.9,32,16,0.0,32,6.784726174512318e-05,0,,COMPLETE
5,0.5255760669708252,2026-10-03 12:24:05.572768,2026-10-03 12:25:10.543892,0 days 00:01:04.971124,0.7,48,64,0.2,64,0.00018931940679617297,8,,PRUNED
6,0.598747980594635,2026-10-03 12:25:10.573293,2026-10-03 12:29:13.032757,0 days 00:04:02.459464,0.8,64,32,0.3,32,0.0001811100227607387,8,,COMPLETE
7,0.6027942359447479,2026-10-03 12:29:13.067993,2026-10-03 12:31:25.614143,0 days 00:02:12.546150,0.6,32,32,0.1,64,0.0004549902457423108,4,,COMPLETE
8,0.462055441737175,2026-10-03 12:31:25.650542,2026-10-03 12:32:28.998631,0 days 00:01:03.348089,0.5,64,64,0.2,16,0.00041827142608594377,2,,PRUNED
9,0.47067362666130064,2026-10-03 12:32:29.033338,2026-10-03 12:33:19.775763,0 days 00:00:50.742425,0.9,48,16,0.0,16,0.00037092921636491057,8,,PRUNED
10,0.484693318605423,2026-10-03 12:33:19.801994,2026-10-03 12:33:56.066195,0 days 00:00:36.264201,0.8500000000000001,32,32,0.1,16,6.281574405355767e-05,4,"{""alpha"": 0.8500000000000001, ""base"": 32, ""batch_size"": 32, ""dropout"": 0.1, ""latent_ch"": 16, ""lr"": 6.281574405355767e-05, ""skip_ch"": 4}",PRUNED
11,0.6019463181495667,2026-10-03 12:33:56.097205,2026-10-03 12:37:58.281362,0 days 00:04:02.184157,0.8500000000000001,64,32,0.2,32,0.0003229520946862948,8,"{""alpha"": 0.8500000000000001, ""base"": 64, ""batch_size"": 32, ""dropout"": 0.2, ""latent_ch"": 32, ""lr"": 0.0003229520946862948, ""skip_ch"": 8}",COMPLETE
12,0.5353455662727356,2026-10-03 12:37:58.309576,2026-10-03 12:39:02.693094,0 days 00:01:04.383518,0.95,64,32,0.1,32,0.00034262975263252694,8,"{""alpha"": 0.95, ""base"": 64, ""batch_size"": 32, ""dropout"": 0.1, ""latent_ch"": 32, ""lr"": 0.00034262975263252694, ""skip_ch"": 8}",PRUNED
13,0.537819117307663,2026-10-03 12:39:02.724672,2026-10-03 12:39:49.346833,0 days 00:00:46.622161,0.75,32,32,0.1,64,0.00048297114601380826,4,"{""alpha"": 0.75, ""base"": 32, ""batch_size"": 32, ""dropout"": 0.1, ""latent_ch"": 64, ""lr"": 0.00048297114601380826, ""skip_ch"": 4}",PRUNED
14,0.5019772350788116,2026-10-03 12:39:49.371380,2026-10-03 12:41:02.810877,0 days 00:01:13.439497,0.55,64,32,0.1,32,0.0005699143546487335,0,"{""alpha"": 0.55, ""base"": 64, ""batch_size"": 32, ""dropout"": 0.1, ""latent_ch"": 32, ""lr"": 0.0005699143546487335, ""skip_ch"": 0}",PRUNED
15,0.6025626599788666,2026-10-03 12:41:02.835807,2026-10-03 12:45:06.427459,0 days 00:04:03.591652,0.65,64,32,0.2,48,0.0003272211510508181,8,"{""alpha"": 0.65, ""base"": 64, ""batch_size"": 32, ""dropout"": 0.2, ""latent_ch"": 48, ""lr"": 0.0003272211510508181, ""skip_ch"": 8}",COMPLETE
16,0.515732365846634,2026-10-03 12:45:06.456924,2026-10-03 12:45:43.310392,0 days 00:00:36.853468,0.65,32,32,0.2,48,8.912479039217941e-05,4,"{""alpha"": 0.65, ""base"": 32, ""batch_size"": 32, ""dropout"": 0.2, ""latent_ch"": 48, ""lr"": 8.912479039217941e-05, ""skip_ch"": 4}",PRUNED
17,0.4924528241157532,2026-10-03 12:45:43.335748,2026-10-03 12:46:20.031444,0 days 00:00:36.695696,0.7,32,32,0.0,64,0.0014429636609420147,2,"{""alpha"": 0.7, ""base"": 32, ""batch_size"": 32, ""dropout"": 0.0, ""latent_ch"": 64, ""lr"": 0.0014429636609420147, ""skip_ch"": 2}",PRUNED
18,0.5326808393001556,2026-10-03 12:46:20.062506,2026-10-03 12:46:57.598934,0 days 00:00:37.536428,0.55,32,32,0.1,64,0.00013082210594839483,4,"{""alpha"": 0.55, ""base"": 32, ""batch_size"": 32, ""dropout"": 0.1, ""latent_ch"": 64, ""lr"": 0.00013082210594839483, ""skip_ch"": 4}",PRUNED
19,0.4686372518539429,2026-10-03 12:46:57.626306,2026-10-03 12:48:12.088624,0 days 00:01:14.462318,0.75,64,64,0.2,48,0.0007189476141472352,8,"{""alpha"": 0.75, ""base"": 64, ""batch_size"": 64, ""dropout"": 0.2, ""latent_ch"": 48, ""lr"": 0.0007189476141472352, ""skip_ch"": 8}",PRUNED
20,0.5338579297065735,2026-10-03 12:48:12.113478,2026-10-03 12:48:48.865958,0 days 00:00:36.752480,0.55,32,32,0.1,48,0.0017796981306647936,8,"{""alpha"": 0.55, ""base"": 32, ""batch_size"": 32, ""dropout"": 0.1, ""latent_ch"": 48, ""lr"": 0.0017796981306647936, ""skip_ch"": 8}",PRUNED
21,0.5156490206718445,2026-10-03 12:48:48.892207,2026-10-03 12:49:52.479054,0 days 00:01:03.586847,0.55,64,64,0.2,48,0.00020488565247533537,8,"{""alpha"": 0.55, ""base"": 64, ""batch_size"": 64, ""dropout"": 0.2, ""latent_ch"": 48, ""lr"": 0.00020488565247533537, ""skip_ch"": 8}",PRUNED
22,0.5098170757293701,2026-10-03 12:49:52.507638,2026-10-03 12:50:29.342670,0 days 00:00:36.835032,0.5,32,32,0.1,64,0.0004832692240528202,4,"{""alpha"": 0.5, ""base"": 32, ""batch_size"": 32, ""dropout"": 0.1, ""latent_ch"": 64, ""lr"": 0.0004832692240528202, ""skip_ch"": 4}",PRUNED
23,0.5014923095703125,2026-10-03 12:50:29.368504,2026-10-03 12:51:32.236433,0 days 00:01:02.867929,0.75,64,32,0.2,48,0.00027655753050536514,0,"{""alpha"": 0.75, ""base"": 64, ""batch_size"": 32, ""dropout"": 0.2, ""latent_ch"": 48, ""lr"": 0.00027655753050536514, ""skip_ch"": 0}",PRUNED
