number,value,datetime_start,datetime_complete,duration,params_alpha,params_base,params_batch_size,params_latent_ch,params_lr,params_skip_ch,system_attrs_tpe:relative_params:0,state
0,0.5467453062534332,2026-10-03 13:09:37.537213,2026-10-03 13:11:15.088682,0 days 00:01:37.551469,0.55,32,16,16,0.00019906996673933386,0,,COMPLETE
1,0.5935954928398133,2026-10-03 13:11:15.126277,2026-10-03 13:12:51.340450,0 days 00:01:36.214173,0.55,32,16,48,0.00015359756451337157,8,,COMPLETE
2,0.5228036284446717,2026-10-03 13:12:51.379979,2026-10-03 13:15:29.154774,0 days 00:02:37.774795,0.75,64,32,48,6.356039080497235e-05,0,,COMPLETE
3,0.5873625874519348,2026-10-03 13:15:29.184676,2026-10-03 13:17:00.289776,0 days 00:01:31.105100,0.65,32,32,16,0.0003756926249576088,8,,COMPLETE
4,0.4750749677419662,2026-10-03 13:17:00.320277,2026-10-03 13:17:49.392359,0 days 00:00:49.072082,0.55,48,64,48,0.0001409431399338736,2,,PRUNED
5,0.5899424910545349,2026-10-03 13:17:49.419026,2026-10-03 13:20:36.678180,0 days 00:02:47.259154,0.7,64,16,32,0.0012070172346569056,8,,COMPLETE
6,0.5039393544197083,2026-10-03 13:20:36.706228,2026-10-03 13:21:27.373621,0 days 00:00:50.667393,0.55,48,16,32,0.0003438898490086644,0,,PRUNED
7,0.45998168289661406,2026-10-03 13:21:27.414948,2026-10-03 13:22:29.856725,0 days 00:01:02.441777,0.9,64,64,48,0.0015431261011638712,8,,PRUNED
8,0.5013865649700164,2026-10-03 13:22:29.882831,2026-10-03 13:23:34.486082,0 days 00:01:04.603251,0.65,64,16,48,5.129886242127497e-05,0,,PRUNED
9,0.5740581512451172,2026-10-03 13:23:34.513062,2026-10-03 13:25:54.923902,0 days 00:02:20.410840,0.8500000000000001,64,32,64,0.00014298864947899528,4,,PRUNED
10,0.5355913877487183,2026-10-03 13:25:54.950663,2026-10-03 13:26:46.372160,0 days 00:00:51.421497,0.95,32,16,64,7.125104126930106e-05,8,"{""alpha"": 0.95, ""base"": 32, ""batch_size"": 16, ""latent_ch"": 64, ""lr"": 7.125104126930106e-05, ""skip_ch"": 8}",PRUNED
11,0.5999490022659302,2026-10-03 13:26:46.398705,2026-10-03 13:28:24.385684,0 days 00:01:37.986979,0.6,32,16,48,0.0009024740059313989,8,"{""alpha"": 0.6, ""base"": 32, ""batch_size"": 16, ""latent_ch"": 48, ""lr"": 0.0009024740059313989, ""skip_ch"": 8}",COMPLETE
