number,value,datetime_start,datetime_complete,duration,params_alpha,params_base,params_batch_size,params_dropout,params_latent_ch,params_lr,system_attrs_tpe:relative_params:0,state
0,0.5383351027965546,2026-10-03 09:31:15.990545,2026-10-03 09:34:05.475569,0 days 00:02:49.485024,0.6,64,16,0.4,32,0.0003574712922600243,,COMPLETE
1,0.517269515991211,2026-10-03 09:34:05.514837,2026-10-03 09:36:46.364848,0 days 00:02:40.850011,0.75,64,64,0.0,16,0.00018559980846490597,,COMPLETE
2,0.5329368770122528,2026-10-03 09:36:46.394020,2026-10-03 09:38:56.036150,0 days 00:02:09.642130,0.7,48,32,0.0,16,0.000750011895041699,,COMPLETE
3,0.4802781820297241,2026-10-03 09:38:56.068643,2026-10-03 09:40:04.398446,0 days 00:01:08.329803,0.95,16,16,0.2,16,0.00011240768803005555,,COMPLETE
4,0.5059001684188843,2026-10-03 09:40:04.426375,2026-10-03 09:42:45.970861,0 days 00:02:41.544486,0.95,64,64,0.0,16,0.00013511829476450826,,COMPLETE
5,0.4227001339197159,2026-10-03 09:42:45.997611,2026-10-03 09:43:35.857544,0 days 00:00:49.859933,0.5,48,64,0.1,16,0.0013826083091896758,,PRUNED
6,0.4160773605108261,2026-10-03 09:43:35.884109,2026-10-03 09:44:25.154372,0 days 00:00:49.270263,0.7,48,32,0.2,4,0.0002879775265707035,,PRUNED
7,0.41215474605560304,2026-10-03 09:44:25.178740,2026-10-03 09:45:00.678610,0 days 00:00:35.499870,0.55,32,64,0.1,16,0.00010903028125371,,PRUNED
8,0.4162970304489136,2026-10-03 09:45:00.705864,2026-10-03 09:45:36.143414,0 days 00:00:35.437550,0.7,32,64,0.1,16,0.0023619797107806506,,PRUNED
9,0.4594754695892334,2026-10-03 09:45:36.172935,2026-10-03 09:46:04.274342,0 days 00:00:28.101407,0.95,16,16,0.1,4,0.0016155001304356408,,PRUNED
10,0.5431407153606415,2026-10-03 09:46:04.305291,2026-10-03 09:48:52.092055,0 days 00:02:47.786764,0.7,64,16,0.4,32,0.00011446987023999696,"{""alpha"": 0.7, ""base"": 64, ""batch_size"": 16, ""dropout"": 0.4, ""latent_ch"": 32, ""lr"": 0.00011446987023999696}",COMPLETE
11,0.5382674336433411,2026-10-03 09:48:52.126232,2026-10-03 09:51:39.476685,0 days 00:02:47.350453,0.75,64,16,0.4,32,0.00010227872454156735,"{""alpha"": 0.75, ""base"": 64, ""batch_size"": 16, ""dropout"": 0.4, ""latent_ch"": 32, ""lr"": 0.00010227872454156735}",COMPLETE
12,0.4426693797111511,2026-10-03 09:51:39.522206,2026-10-03 09:52:44.702142,0 days 00:01:05.179936,0.7,64,16,0.30000000000000004,32,0.0004814254493256808,"{""alpha"": 0.7, ""base"": 64, ""batch_size"": 16, ""dropout"": 0.30000000000000004, ""latent_ch"": 32, ""lr"": 0.0004814254493256808}",PRUNED
13,0.48057952523231506,2026-10-03 09:52:44.733643,2026-10-03 09:53:47.141228,0 days 00:01:02.407585,0.6,64,32,0.4,32,0.00020009909893470095,"{""alpha"": 0.6, ""base"": 64, ""batch_size"": 32, ""dropout"": 0.4, ""latent_ch"": 32, ""lr"": 0.00020009909893470095}",PRUNED
14,0.46965338587760924,2026-10-03 09:53:47.167649,2026-10-03 09:54:52.245507,0 days 00:01:05.077858,0.5,64,16,0.4,32,0.0009475649629800394,"{""alpha"": 0.5, ""base"": 64, ""batch_size"": 16, ""dropout"": 0.4, ""latent_ch"": 32, ""lr"": 0.0009475649629800394}",PRUNED
15,0.48222372829914095,2026-10-03 09:54:52.272430,2026-10-03 09:55:58.592898,0 days 00:01:06.320468,0.8500000000000001,64,16,0.4,16,0.00022448950434060937,"{""alpha"": 0.8500000000000001, ""base"": 64, ""batch_size"": 16, ""dropout"": 0.4, ""latent_ch"": 16, ""lr"": 0.00022448950434060937}",PRUNED
16,0.4290845185518265,2026-10-03 09:55:58.618876,2026-10-03 09:56:26.960182,0 days 00:00:28.341306,0.6,16,16,0.30000000000000004,4,0.00032971060171578813,"{""alpha"": 0.6, ""base"": 16, ""batch_size"": 16, ""dropout"": 0.30000000000000004, ""latent_ch"": 4, ""lr"": 0.00032971060171578813}",PRUNED
17,0.5441507458686828,2026-10-03 09:56:26.984162,2026-10-03 09:58:37.584997,0 days 00:02:10.600835,0.55,48,16,0.4,32,0.0001408583749753797,"{""alpha"": 0.55, ""base"": 48, ""batch_size"": 16, ""dropout"": 0.4, ""latent_ch"": 32, ""lr"": 0.0001408583749753797}",COMPLETE
18,0.4555588930845261,2026-10-03 09:58:37.614607,2026-10-03 09:59:29.276732,0 days 00:00:51.662125,0.6,48,16,0.30000000000000004,4,0.0001719685354553081,"{""alpha"": 0.6, ""base"": 48, ""batch_size"": 16, ""dropout"": 0.30000000000000004, ""latent_ch"": 4, ""lr"": 0.0001719685354553081}",PRUNED
19,0.47353940904140474,2026-10-03 09:59:29.312916,2026-10-03 10:00:08.030543,0 days 00:00:38.717627,0.8,32,16,0.4,32,0.0005423197245433307,"{""alpha"": 0.8, ""base"": 32, ""batch_size"": 16, ""dropout"": 0.4, ""latent_ch"": 32, ""lr"": 0.0005423197245433307}",PRUNED
