number,value,datetime_start,datetime_complete,duration,params_T,params_alpha,params_lam_bal,params_lam_cls,params_lr_joint,state
0,0.7998177170753479,2026-10-03 15:25:27.042808,2026-10-03 15:27:43.852287,0 days 00:02:16.809479,2.87678576602479,0.55,0.04128205343826222,0.29106359131330695,3.071057367777371e-05,COMPLETE
1,0.804017835855484,2026-10-03 15:27:43.899331,2026-10-03 15:30:03.728122,0 days 00:02:19.828791,0.6452090304204987,0.8500000000000001,0.041917115166952006,0.5399484409787431,1.5957084694148338e-05,COMPLETE
2,0.8049809813499451,2026-10-03 15:30:03.758400,2026-10-03 15:32:25.368661,0 days 00:02:21.610261,2.9247746304049858,0.55,0.003741940611118496,0.46225890010208287,1.0636066512540278e-05,COMPLETE
3,0.8035082757472992,2026-10-03 15:32:25.410625,2026-10-03 15:34:48.568336,0 days 00:02:23.157711,1.2606056073988443,0.6,0.014648955132800727,0.11207606211860566,1.7322667470546263e-05,COMPLETE
4,0.8042766392230988,2026-10-03 15:34:48.595336,2026-10-03 15:37:10.621863,0 days 00:02:22.026527,0.8487346516301046,0.7,0.009745399020374083,0.03839629299804171,6.252287916406208e-05,COMPLETE
5,0.8063795745372773,2026-10-03 15:37:10.650567,2026-10-03 15:39:34.047283,0 days 00:02:23.396716,0.9991844553958993,0.5,0.039710847107924725,0.10677482709481352,0.00010508421338691765,COMPLETE
6,0.804556667804718,2026-10-03 15:39:34.078147,2026-10-03 15:41:58.027724,0 days 00:02:23.949577,0.9263103092182288,0.95,0.36392643453677914,0.013492834268013254,6.172115948107064e-05,COMPLETE
7,0.8113611459732055,2026-10-03 15:41:58.063252,2026-10-03 15:44:20.241845,0 days 00:02:22.178593,1.2615344229334267,0.7,0.07026263205443048,0.015679933916723017,0.00011265466963346021,COMPLETE
8,0.8110536694526672,2026-10-03 15:44:20.270071,2026-10-03 15:46:42.620928,0 days 00:02:22.350857,1.7379422752781755,0.6,0.2845958019429146,0.011715937392307063,1.4413697528610398e-05,COMPLETE
9,0.8048272252082824,2026-10-03 15:46:42.652497,2026-10-03 15:49:06.109013,0 days 00:02:23.456516,1.2792776902235274,0.55,0.029891977384599002,0.10968217207529521,7.277150634170932e-05,COMPLETE
