number,value,datetime_start,datetime_complete,duration,params_alpha,params_base,params_batch_size,params_bottleneck,params_dropout,params_lr,system_attrs_tpe:relative_params:0,state
0,0.3950355529785156,2026-10-02 13:40:04.667645,2026-10-02 13:43:11.519027,0 days 00:03:06.851382,0.6,64,16,512,0.4,0.0003574712922600243,,COMPLETE
1,0.3905060917139053,2026-10-02 13:43:11.554114,2026-10-02 13:46:03.665115,0 days 00:02:52.111001,0.75,64,64,256,0.0,0.00018559980846490597,,COMPLETE
2,0.37786082923412323,2026-10-02 13:46:03.694221,2026-10-02 13:48:23.810722,0 days 00:02:20.116501,0.7,48,32,256,0.0,0.000750011895041699,,COMPLETE
3,0.3947232276201248,2026-10-02 13:48:23.840499,2026-10-02 13:49:38.455906,0 days 00:01:14.615407,0.95,16,16,256,0.2,0.00011240768803005555,,COMPLETE
4,0.398135706782341,2026-10-02 13:49:38.479995,2026-10-02 13:52:32.059217,0 days 00:02:53.579222,0.95,64,64,256,0.0,0.00013511829476450826,,COMPLETE
5,0.3398109644651413,2026-10-02 13:52:32.092637,2026-10-02 13:53:27.352340,0 days 00:00:55.259703,0.5,48,64,256,0.1,0.0013826083091896758,,PRUNED
6,0.3433204382658005,2026-10-02 13:53:27.383282,2026-10-02 13:54:23.059396,0 days 00:00:55.676114,0.7,48,32,64,0.2,0.0002879775265707035,,PRUNED
7,0.30498497784137724,2026-10-02 13:54:23.081505,2026-10-02 13:55:12.819669,0 days 00:00:49.738164,0.55,32,64,256,0.1,0.00010903028125371,,PRUNED
8,0.31196130216121676,2026-10-02 13:55:12.844424,2026-10-02 13:55:51.980599,0 days 00:00:39.136175,0.7,32,64,256,0.1,0.0023619797107806506,,PRUNED
9,0.35530964136123655,2026-10-02 13:55:52.003079,2026-10-02 13:56:30.358093,0 days 00:00:38.355014,0.95,16,16,64,0.1,0.0016155001304356408,,PRUNED
10,0.3556220352649689,2026-10-02 13:56:30.380824,2026-10-02 13:57:38.490031,0 days 00:01:08.109207,0.9,64,64,256,0.4,0.0005060955807077745,"{""alpha"": 0.9, ""base"": 64, ""batch_size"": 64, ""bottleneck"": 256, ""dropout"": 0.4, ""lr"": 0.0005060955807077745}",PRUNED
11,0.4057631462812424,2026-10-02 13:57:38.512437,2026-10-02 14:00:44.931160,0 days 00:03:06.418723,0.6,64,16,512,0.2,0.00018518114406018343,"{""alpha"": 0.6, ""base"": 64, ""batch_size"": 16, ""bottleneck"": 512, ""dropout"": 0.2, ""lr"": 0.00018518114406018343}",COMPLETE
12,0.3675504386425018,2026-10-02 14:00:44.968063,2026-10-02 14:02:14.064125,0 days 00:01:29.096062,0.8500000000000001,64,64,256,0.2,0.00010671494263774418,"{""alpha"": 0.8500000000000001, ""base"": 64, ""batch_size"": 64, ""bottleneck"": 256, ""dropout"": 0.2, ""lr"": 0.00010671494263774418}",PRUNED
13,0.3428211510181427,2026-10-02 14:02:14.087295,2026-10-02 14:03:31.973489,0 days 00:01:17.886194,0.75,64,64,256,0.2,0.0002690048510858577,"{""alpha"": 0.75, ""base"": 64, ""batch_size"": 64, ""bottleneck"": 256, ""dropout"": 0.2, ""lr"": 0.0002690048510858577}",PRUNED
14,0.3648563653230667,2026-10-02 14:03:31.998222,2026-10-02 14:05:07.457904,0 days 00:01:35.459682,0.8500000000000001,64,16,512,0.2,0.000201529196493238,"{""alpha"": 0.8500000000000001, ""base"": 64, ""batch_size"": 16, ""bottleneck"": 512, ""dropout"": 0.2, ""lr"": 0.000201529196493238}",PRUNED
15,0.3354249238967896,2026-10-02 14:05:07.488057,2026-10-02 14:06:15.347552,0 days 00:01:07.859495,0.9,64,64,128,0.0,0.00025636307573625024,"{""alpha"": 0.9, ""base"": 64, ""batch_size"": 64, ""bottleneck"": 128, ""dropout"": 0.0, ""lr"": 0.00025636307573625024}",PRUNED
16,0.3714488595724106,2026-10-02 14:06:15.373104,2026-10-02 14:07:45.465986,0 days 00:01:30.092882,0.95,64,32,256,0.1,0.0003728309480950999,"{""alpha"": 0.95, ""base"": 64, ""batch_size"": 32, ""bottleneck"": 256, ""dropout"": 0.1, ""lr"": 0.0003728309480950999}",PRUNED
17,0.4032598614692688,2026-10-02 14:07:45.490104,2026-10-02 14:10:14.697610,0 days 00:02:29.207506,0.5,48,16,512,0.30000000000000004,0.00014997268875094764,"{""alpha"": 0.5, ""base"": 48, ""batch_size"": 16, ""bottleneck"": 512, ""dropout"": 0.30000000000000004, ""lr"": 0.00014997268875094764}",COMPLETE
18,0.410508519411087,2026-10-02 14:10:14.724705,2026-10-02 14:13:21.269168,0 days 00:03:06.544463,0.55,64,16,512,0.30000000000000004,0.00011577359897920416,"{""alpha"": 0.55, ""base"": 64, ""batch_size"": 16, ""bottleneck"": 512, ""dropout"": 0.30000000000000004, ""lr"": 0.00011577359897920416}",COMPLETE
19,0.37666713297367094,2026-10-02 14:13:21.298229,2026-10-02 14:14:55.739083,0 days 00:01:34.440854,0.65,64,16,64,0.1,0.00012348791300831864,"{""alpha"": 0.65, ""base"": 64, ""batch_size"": 16, ""bottleneck"": 64, ""dropout"": 0.1, ""lr"": 0.00012348791300831864}",PRUNED
