number,value,datetime_start,datetime_complete,duration,params_alpha,params_base,params_batch_size,params_bottleneck,params_lr,system_attrs_tpe:relative_params:0,state
0,,2026-10-02 15:07:04.685172,2026-10-02 15:07:04.847117,0 days 00:00:00.161945,0.95,64,16,256,0.0003071057367777374,,FAIL
1,0.38957075476646424,2026-10-02 15:22:48.072005,2026-10-02 15:25:09.030764,0 days 00:02:20.958759,0.95,64,16,256,0.0003071057367777374,,COMPLETE
2,0.37577580511569975,2026-10-02 15:25:09.067422,2026-10-02 15:26:32.374268,0 days 00:01:23.306846,0.65,32,16,128,0.0012106896936002161,,COMPLETE
3,0.3888286292552948,2026-10-02 15:26:32.399022,2026-10-02 15:28:24.068732,0 days 00:01:51.669710,0.9,48,16,512,0.0003920673972242139,,COMPLETE
4,0.38813127875328063,2026-10-02 15:28:24.096215,2026-10-02 15:30:34.689163,0 days 00:02:10.592948,0.75,64,32,256,0.0002490643969382441,,COMPLETE
5,0.29018224477767945,2026-10-02 15:30:34.714883,2026-10-02 15:31:02.978773,0 days 00:00:28.263890,0.65,16,32,256,0.0005143828405076933,,PRUNED
6,0.3587499737739563,2026-10-02 15:31:03.001350,2026-10-02 15:32:09.597902,0 days 00:01:06.596552,0.55,64,32,256,0.0003203913722293045,,PRUNED
7,0.30468535125255586,2026-10-02 15:32:09.621933,2026-10-02 15:32:39.618124,0 days 00:00:29.996191,0.5,16,16,128,0.0001016680374002288,,PRUNED
8,0.35398608446121216,2026-10-02 15:32:39.648493,2026-10-02 15:33:06.467777,0 days 00:00:26.819284,0.7,16,32,512,0.0002538617845650058,,PRUNED
9,0.3525391757488251,2026-10-02 15:33:06.495770,2026-10-02 15:33:50.313552,0 days 00:00:43.817782,0.8500000000000001,32,16,128,0.0004787304927324384,,PRUNED
10,0.34688271284103395,2026-10-02 15:33:50.338109,2026-10-02 15:34:27.280095,0 days 00:00:36.941986,0.75,16,32,512,0.00019846013217345094,,PRUNED
11,0.34092812836170194,2026-10-02 15:34:27.303931,2026-10-02 15:35:33.423889,0 days 00:01:06.119958,0.9,64,64,256,0.0017738615474891324,"{""alpha"": 0.9, ""base"": 64, ""batch_size"": 64, ""bottleneck"": 256, ""lr"": 0.0017738615474891324}",PRUNED
12,0.37266858518123624,2026-10-02 15:35:33.446209,2026-10-02 15:37:07.340193,0 days 00:01:33.893984,0.9,64,16,256,0.00035044403914770265,"{""alpha"": 0.9, ""base"": 64, ""batch_size"": 16, ""bottleneck"": 256, ""lr"": 0.00035044403914770265}",PRUNED
