number,value,datetime_start,datetime_complete,duration,params_base,params_batch_size,params_dropout,params_emb_dim,params_lambda_l1,params_lr_d,params_lr_g,system_attrs_tpe:relative_params:0,state
0,0.47653353214263916,2026-10-03 11:02:04.541349,2026-10-03 11:05:36.036218,0 days 00:03:31.494869,64,8,0.30000000000000004,32,10,0.0004463590152176814,0.00023688639503640813,,COMPLETE
1,0.4917463958263397,2026-10-03 11:05:36.077331,2026-10-03 11:08:41.774652,0 days 00:03:05.697321,64,16,0.4,32,200,0.00013518080333310014,0.0003347776308515934,,COMPLETE
2,0.4966716766357422,2026-10-03 11:08:41.806304,2026-10-03 11:11:21.075600,0 days 00:02:39.269296,64,32,0.0,8,200,0.00032163799964249454,0.0009239150319627245,,COMPLETE
3,0.5005934834480286,2026-10-03 11:11:21.114599,2026-10-03 11:13:52.068725,0 days 00:02:30.954126,48,32,0.1,32,200,0.000434979656425666,0.0005958443469672521,,COMPLETE
4,0.39296063780784607,2026-10-03 11:13:52.099339,2026-10-03 11:14:39.083277,0 days 00:00:46.983938,32,8,0.4,16,10,0.0004851286697060366,0.00011872731425335906,,PRUNED
5,0.47997748851776123,2026-10-03 11:14:39.109088,2026-10-03 11:15:59.422023,0 days 00:01:20.312935,64,16,0.30000000000000004,8,200,0.00026827251621760144,0.00021143813626634385,,PRUNED
6,0.4699682891368866,2026-10-03 11:15:59.448644,2026-10-03 11:16:46.568360,0 days 00:00:47.119716,32,8,0.1,16,200,0.00016126521335895608,0.00020623196560647133,,PRUNED
7,0.44573846459388733,2026-10-03 11:16:46.593784,2026-10-03 11:17:53.587361,0 days 00:01:06.993577,64,8,0.5,16,100,0.00032092988426622054,0.00034621209972935936,,PRUNED
8,0.4603121280670166,2026-10-03 11:17:53.614822,2026-10-03 11:18:45.444987,0 days 00:00:51.830165,48,16,0.1,16,50,0.0002523416643827927,0.00033021030455152565,,PRUNED
9,0.4543096125125885,2026-10-03 11:18:45.474738,2026-10-03 11:19:42.976879,0 days 00:00:57.502141,48,32,0.30000000000000004,8,10,0.00048374942125250603,0.0003086403908528626,,PRUNED
10,0.4621138274669647,2026-10-03 11:19:43.003285,2026-10-03 11:20:35.705004,0 days 00:00:52.701719,48,32,0.2,32,200,0.00012044119199101608,0.0001335667257752171,"{""base"": 48, ""batch_size"": 32, ""dropout"": 0.2, ""emb_dim"": 32, ""lambda_l1"": 200, ""lr_d"": 0.00012044119199101608, ""lr_g"": 0.0001335667257752171}",PRUNED
11,0.4613940119743347,2026-10-03 11:20:35.733991,2026-10-03 11:21:39.042013,0 days 00:01:03.308022,64,32,0.1,32,200,0.0003276627963911539,0.0008829937994034536,"{""base"": 64, ""batch_size"": 32, ""dropout"": 0.1, ""emb_dim"": 32, ""lambda_l1"": 200, ""lr_d"": 0.0003276627963911539, ""lr_g"": 0.0008829937994034536}",PRUNED
